Loading: 
Loading: 0 packages loaded
Analyzing: target //DPPIR:main (0 packages loaded, 0 targets configured)
INFO: Analyzed target //DPPIR:main (0 packages loaded, 0 targets configured).
INFO: Found 1 target...
[0 / 2] [Prepa] BazelWorkspaceStatusAction stable-status.txt
Target //DPPIR:main up-to-date:
  bazel-bin/DPPIR/main
INFO: Elapsed time: 0.200s, Critical Path: 0.01s
INFO: 1 process: 1 internal.
INFO: Build completed successfully, 1 total action
INFO: Running command line: bazel-bin/DPPIR/main '--config=config/party-0-0.txt' '--role=party' '--stage=all' '--party_id=0' '--server_id=0'
INFO: Build completed successfully, 1 total action
Noise cutoff: 276.31
Creating server and accepting connections...
On port 3000
Client connected!
Connecting to server...
Server at 3.82.229.162:3001
Connected to the server!
Input: 100000; Noise: 2760000; Shuffled: 2860000
Creating secrets and ciphers for noise queries...
Progress 750000/2760000
Progress 1500000/2760000
Progress 2250000/2760000
Took 322527ms
Listening for offline ciphers...
Progress 0
Decrypting offline ciphers...
Took 5973ms
Sending offline ciphers...
Progress 750000/2860000
Progress 1500000/2860000
Progress 2250000/2860000
Offline time: 500157ms
Listening for queries...
Sending queries...
Listening for responses...
Online time: 883ms
Sending responses...
Done!
