Running checklist client with 3.82.147.138:10005 100.26.104.110:10000 q10000 DPF
Loading: 
Loading: 0 packages loaded
Analyzing: target //:main (0 packages loaded, 0 targets configured)
INFO: Analyzed target //:main (0 packages loaded, 0 targets configured).
INFO: Found 1 target...
[0 / 1] [Prepa] BazelWorkspaceStatusAction stable-status.txt
Target //:main up-to-date:
  bazel-bin/main_/main
INFO: Elapsed time: 0.325s, Critical Path: 0.00s
INFO: 1 process: 1 internal.
INFO: Build completed successfully, 1 total action
INFO: Running command line: bazel-bin/main_/main '-rowLen=8' '-tls=0' '-serverAddr=3.82.147.138:10005' '-serverAddr2=100.26.104.110:10000' '-pirType=DPF' q10000
INFO: Build completed successfully, 1 total action
Configured to make 10000 queries
Obtaining hint (this may take a while)...[OK]
Got 100000 keys from server
0
26.5217703s
Server 1 time: 16.94803053s and bytes: 2430000
Server 2 time: 17.027797632s and bytes: 2430000
