Loading: 
Loading: 0 packages loaded
Analyzing: target //DPPIR:main (0 packages loaded, 0 targets configured)
INFO: Analyzed target //DPPIR:main (0 packages loaded, 0 targets configured).
INFO: Found 1 target...
[0 / 1] [Prepa] BazelWorkspaceStatusAction stable-status.txt
Target //DPPIR:main up-to-date:
  bazel-bin/DPPIR/main
INFO: Elapsed time: 0.174s, Critical Path: 0.01s
INFO: 1 process: 1 internal.
INFO: Build completed successfully, 1 total action
INFO: Running command line: bazel-bin/DPPIR/main '--config=config/party-1-0.txt' '--role=party' '--stage=all' '--party_id=1' '--server_id=0'
INFO: Build completed successfully, 1 total action
Noise cutoff: 276.31
Creating server and accepting connections...
On port 3001
Client connected!
Connecting to server...
Server at 44.206.240.15:3002
Connected to the server!
Input: 2860000; Noise: 2760000; Shuffled: 5620000
Creating secrets and ciphers for noise queries...
Progress 750000/2760000
Progress 1500000/2760000
Progress 2250000/2760000
Took 964476ms
Listening for offline ciphers...
Progress 2250000
Progress 1500000
Progress 750000
Progress 0
Decrypting offline ciphers...
Progress 750000/2860000
Progress 1500000/2860000
Progress 2250000/2860000
Took 172536ms
Sending offline ciphers...
Progress 750000/5620000
Progress 1500000/5620000
Progress 2250000/5620000
Progress 3000000/5620000
Progress 3750000/5620000
Progress 4500000/5620000
Progress 5250000/5620000
Offline time: 2658395ms
Listening for queries...
Sending queries...
Listening for responses...
Online time: 14125ms
Sending responses...
Done!
