Loading: 
Loading: 0 packages loaded
Analyzing: target //DPPIR:main (0 packages loaded, 0 targets configured)
INFO: Analyzed target //DPPIR:main (1 packages loaded, 7 targets configured).
INFO: Found 1 target...
[0 / 1] [Prepa] BazelWorkspaceStatusAction stable-status.txt
Target //DPPIR:main up-to-date:
  bazel-bin/DPPIR/main
INFO: Elapsed time: 0.244s, Critical Path: 0.02s
INFO: 3 processes: 3 internal.
INFO: Build completed successfully, 3 total actions
INFO: Running command line: bazel-bin/DPPIR/main '--config=config/party-3-0.txt' '--role=party' '--stage=all' '--party_id=3' '--server_id=0'
INFO: Build completed successfully, 3 total actions
Noise cutoff: 276.31
Creating server and accepting connections...
On port 3003
Client connected!
Connecting to server...
Server at 44.203.41.3:3004
Connected to the server!
Input: 8380000; Noise: 2760000; Shuffled: 11140000
Creating secrets and ciphers for noise queries...
Progress 750000/2760000
Progress 1500000/2760000
Progress 2250000/2760000
Took 325101ms
Listening for offline ciphers...
Progress 8250000
Progress 7500000
Progress 6750000
Progress 6000000
Progress 5250000
Progress 4500000
Progress 3750000
Progress 3000000
Progress 2250000
Progress 1500000
Progress 750000
Progress 0
Decrypting offline ciphers...
Progress 750000/8380000
Progress 1500000/8380000
Progress 2250000/8380000
Progress 3000000/8380000
Progress 3750000/8380000
Progress 4500000/8380000
Progress 5250000/8380000
Progress 6000000/8380000
Progress 6750000/8380000
Progress 7500000/8380000
Progress 8250000/8380000
Took 506556ms
Sending offline ciphers...
Progress 750000/11140000
Progress 1500000/11140000
Progress 2250000/11140000
Progress 3000000/11140000
Progress 3750000/11140000
Progress 4500000/11140000
Progress 5250000/11140000
Progress 6000000/11140000
Progress 6750000/11140000
Progress 7500000/11140000
Progress 8250000/11140000
Progress 9000000/11140000
Progress 9750000/11140000
Progress 10500000/11140000
Offline time: 1500487ms
Listening for queries...
Sending queries...
Listening for responses...
Online time: 5235ms
Sending responses...
Done!
