Loading: 
Loading: 0 packages loaded
Analyzing: target //DPPIR:main (0 packages loaded, 0 targets configured)
INFO: Analyzed target //DPPIR:main (1 packages loaded, 6 targets configured).
INFO: Found 1 target...
[1 / 6] [Prepa] BazelWorkspaceStatusAction stable-status.txt
Target //DPPIR:main up-to-date:
  bazel-bin/DPPIR/main
INFO: Elapsed time: 0.254s, Critical Path: 0.02s
INFO: 3 processes: 3 internal.
INFO: Build completed successfully, 3 total actions
INFO: Running command line: bazel-bin/DPPIR/main '--config=config/party-2-0.txt' '--role=party' '--stage=all' '--party_id=2' '--server_id=0'
INFO: Build completed successfully, 3 total actions
Creating server and accepting connections...
On port 3002
Client connected!
Listening to 5620000 offline secrets...
Listening to 5620000 queries...
Handling responses...
Done!
