Loading: 
Loading: 0 packages loaded
Analyzing: target //DPPIR:main (0 packages loaded, 0 targets configured)
INFO: Analyzed target //DPPIR:main (0 packages loaded, 0 targets configured).
INFO: Found 1 target...
[0 / 2] [Prepa] BazelWorkspaceStatusAction stable-status.txt
Target //DPPIR:main up-to-date:
  bazel-bin/DPPIR/main
INFO: Elapsed time: 0.317s, Critical Path: 0.01s
INFO: 1 process: 1 internal.
INFO: Build completed successfully, 1 total action
INFO: Running command line: bazel-bin/DPPIR/main '--config=config/party-0-0.txt' '--role=party' '--stage=all' '--party_id=0' '--server_id=0'
INFO: Build completed successfully, 1 total action
Noise cutoff: 276.31
Creating server and accepting connections...
On port 3000
Client connected!
Connecting to server...
Server at 18.215.164.141:3002
Connected to the server!
Initializing parallel connections...
Connecting to parallel server 1
Server at  54.87.12.95:4001
Connected to parallel server 1
Input: 500000; Noise: 13800000; Shuffled: 14300000
Creating secrets and ciphers for noise queries...
Progress 750000 / 13800000
Progress 1500000 / 13800000
Progress 2250000 / 13800000
Progress 3000000 / 13800000
Progress 3750000 / 13800000
Progress 4500000 / 13800000
Progress 5250000 / 13800000
Progress 6000000 / 13800000
Progress 6750000 / 13800000
Progress 7500000 / 13800000
Progress 8250000 / 13800000
Progress 9000000 / 13800000
Progress 9750000 / 13800000
Progress 10500000 / 13800000
Progress 11250000 / 13800000
Progress 12000000 / 13800000
Progress 12750000 / 13800000
Progress 13500000 / 13800000
Took 1620489ms
Listening for offline ciphers...
Progress 0
Decrypting offline ciphers...
Took 29907ms
Shuffling ciphers with siblings...
Progress 749999 / 14300000
Progress 1499999 / 14300000
Progress 2249999 / 14300000
Progress 2999999 / 14300000
Progress 3749999 / 14300000
Progress 4499999 / 14300000
Progress 5249999 / 14300000
Progress 5999999 / 14300000
Progress 6749999 / 14300000
Progress 7499999 / 14300000
Progress 8249999 / 14300000
Progress 8999999 / 14300000
Progress 9749999 / 14300000
Progress 10499999 / 14300000
Progress 11249999 / 14300000
Progress 11999999 / 14300000
Progress 12749999 / 14300000
Progress 13499999 / 14300000
Progress 14249999 / 14300000
Waiting for siblings...
Sending offline ciphers...
Progress 750000/14300000
Progress 1500000/14300000
Progress 2250000/14300000
Progress 3000000/14300000
Progress 3750000/14300000
Progress 4500000/14300000
Progress 5250000/14300000
Progress 6000000/14300000
Progress 6750000/14300000
Progress 7500000/14300000
Progress 8250000/14300000
Progress 9000000/14300000
Progress 9750000/14300000
Progress 10500000/14300000
Progress 11250000/14300000
Progress 12000000/14300000
Progress 12750000/14300000
Progress 13500000/14300000
Progress 14250000/14300000
Broadcasting secrets...
Waiting for next party...
Waiting for siblings...
Offline time: 2560999ms
Listening for queries...
Shuffling queries with siblings...
Progress 749999 / 14300000
Progress 1499999 / 14300000
Progress 2249999 / 14300000
Progress 2999999 / 14300000
Progress 3749999 / 14300000
Progress 4499999 / 14300000
Progress 5249999 / 14300000
Progress 5999999 / 14300000
Progress 6749999 / 14300000
Progress 7499999 / 14300000
Progress 8249999 / 14300000
Progress 8999999 / 14300000
Progress 9749999 / 14300000
Progress 10499999 / 14300000
Progress 11249999 / 14300000
Progress 11999999 / 14300000
Progress 12749999 / 14300000
Progress 13499999 / 14300000
Progress 14249999 / 14300000
Waiting for siblings...
Sending queries...
Listening for responses...
Deshuffling responses with siblings...
Waiting for siblings...
Online time: 8258ms
Sending responses...
Done!
