Loading: 
Loading: 0 packages loaded
Analyzing: target //DPPIR:main (0 packages loaded, 0 targets configured)
INFO: Analyzed target //DPPIR:main (0 packages loaded, 0 targets configured).
INFO: Found 1 target...
[0 / 1] [Prepa] BazelWorkspaceStatusAction stable-status.txt
Target //DPPIR:main up-to-date:
  bazel-bin/DPPIR/main
INFO: Elapsed time: 0.368s, Critical Path: 0.00s
INFO: 1 process: 1 internal.
INFO: Build completed successfully, 1 total action
INFO: Running command line: bazel-bin/DPPIR/main '--config=config/client-4.txt' '--role=client' '--stage=all' '--server_id=4' '--queries=125000'
INFO: Build completed successfully, 1 total action
Connecting to server...
Server at 3.90.58.85:3004
Connected to the server!
Offline Queries: 125000
Queries: 125000
Responses: 125000
Done!
