Loading: 
Loading: 0 packages loaded
Analyzing: target //DPPIR:main (0 packages loaded, 0 targets configured)
INFO: Analyzed target //DPPIR:main (1 packages loaded, 10 targets configured).
INFO: Found 1 target...
[0 / 2] [Prepa] BazelWorkspaceStatusAction stable-status.txt
Target //DPPIR:main up-to-date:
  bazel-bin/DPPIR/main
INFO: Elapsed time: 0.536s, Critical Path: 0.02s
INFO: 3 processes: 3 internal.
INFO: Build completed successfully, 3 total actions
INFO: Running command line: bazel-bin/DPPIR/main '--config=config/party-0-7.txt' '--role=party' '--stage=all' '--party_id=0' '--server_id=7'
INFO: Build completed successfully, 3 total actions
Noise cutoff: 276.31
Creating server and accepting connections...
On port 3007
Client connected!
Connecting to server...
Server at 18.215.164.141:3015
Connected to the server!
Initializing parallel connections...
Creating parallel server and accepting connections...
On port 4007
Parallel clients connected...
Input: 125000; Noise: 3450000; Shuffled: 3575000
Creating secrets and ciphers for noise queries...
Progress 750000 / 3450000
Progress 1500000 / 3450000
Progress 2250000 / 3450000
Progress 3000000 / 3450000
Took 401990ms
Listening for offline ciphers...
Progress 0
Decrypting offline ciphers...
Took 7463ms
Shuffling ciphers with siblings...
Progress 749999 / 3575000
Progress 1499999 / 3575000
Progress 2249999 / 3575000
Progress 2999999 / 3575000
Waiting for siblings...
Sending offline ciphers...
Progress 750000/3575000
Progress 1500000/3575000
Progress 2250000/3575000
Progress 3000000/3575000
Broadcasting secrets...
Waiting for next party...
Waiting for siblings...
Offline time: 664163ms
Listening for queries...
Shuffling queries with siblings...
Progress 749999 / 3575000
Progress 1499999 / 3575000
Progress 2249999 / 3575000
Progress 2999999 / 3575000
Waiting for siblings...
Sending queries...
Listening for responses...
Deshuffling responses with siblings...
Waiting for siblings...
Online time: 2201ms
Sending responses...
Done!
