Loading: 
Loading: 0 packages loaded
Analyzing: target //DPPIR:main (0 packages loaded, 0 targets configured)
INFO: Analyzed target //DPPIR:main (0 packages loaded, 0 targets configured).
INFO: Found 1 target...
[0 / 1] [Prepa] BazelWorkspaceStatusAction stable-status.txt
Target //DPPIR:main up-to-date:
  bazel-bin/DPPIR/main
INFO: Elapsed time: 0.417s, Critical Path: 0.00s
INFO: 1 process: 1 internal.
INFO: Build completed successfully, 1 total action
INFO: Running command line: bazel-bin/DPPIR/main '--config=config/party-0-0.txt' '--role=party' '--stage=all' '--party_id=0' '--server_id=0'
INFO: Build completed successfully, 1 total action
Noise cutoff: 276.31
Creating server and accepting connections...
On port 3000
Client connected!
Connecting to server...
Server at 54.90.204.147:3008
Connected to the server!
Initializing parallel connections...
Connecting to parallel server 1
Server at  54.87.191.38:4001
Connected to parallel server 1
Connecting to parallel server 2
Server at  34.230.29.36:4002
Connected to parallel server 2
Connecting to parallel server 3
Server at  54.145.181.222:4003
Connected to parallel server 3
Connecting to parallel server 4
Server at  3.90.58.85:4004
Connected to parallel server 4
Connecting to parallel server 5
Server at  34.224.88.212:4005
Connected to parallel server 5
Connecting to parallel server 6
Server at  54.80.87.117:4006
Connected to parallel server 6
Connecting to parallel server 7
Server at  54.242.20.108:4007
Connected to parallel server 7
Input: 125000; Noise: 3450000; Shuffled: 3575000
Creating secrets and ciphers for noise queries...
Progress 750000 / 3450000
Progress 1500000 / 3450000
Progress 2250000 / 3450000
Progress 3000000 / 3450000
Took 402728ms
Listening for offline ciphers...
Progress 0
Decrypting offline ciphers...
Took 7471ms
Shuffling ciphers with siblings...
Progress 749999 / 3575000
Progress 1499999 / 3575000
Progress 2249999 / 3575000
Progress 2999999 / 3575000
Waiting for siblings...
Sending offline ciphers...
Progress 750000/3575000
Progress 1500000/3575000
Progress 2250000/3575000
Progress 3000000/3575000
Broadcasting secrets...
Waiting for next party...
Waiting for siblings...
Offline time: 664168ms
Listening for queries...
Shuffling queries with siblings...
Progress 749999 / 3575000
Progress 1499999 / 3575000
Progress 2249999 / 3575000
Progress 2999999 / 3575000
Waiting for siblings...
Sending queries...
Listening for responses...
Deshuffling responses with siblings...
Waiting for siblings...
Online time: 2201ms
Sending responses...
Done!
