Loading: 
Loading: 0 packages loaded
Analyzing: target //DPPIR:main (0 packages loaded, 0 targets configured)
INFO: Analyzed target //DPPIR:main (0 packages loaded, 0 targets configured).
INFO: Found 1 target...
[0 / 1] [Prepa] BazelWorkspaceStatusAction stable-status.txt
Target //DPPIR:main up-to-date:
  bazel-bin/DPPIR/main
INFO: Elapsed time: 0.216s, Critical Path: 0.01s
INFO: 1 process: 1 internal.
INFO: Build completed successfully, 1 total action
INFO: Running command line: bazel-bin/DPPIR/main '--config=config/party-0-0.txt' '--role=party' '--stage=online' '--party_id=0' '--server_id=0'
INFO: Build completed successfully, 1 total action
No noise!
Creating server and accepting connections...
On port 3000
Client connected!
Connecting to server...
Server at 3.82.110.247:3001
Connected to the server!
Input: 10000; Noise: 0; Shuffled: 10000
Offline (simulated) time: 6ms
Listening for queries...
Sending queries...
Listening for responses...
Online time: 3ms
Sending responses...
Done!
