Running checklist client with 54.165.243.92:10003 52.90.3.239:10009 q1000 DPF
Loading: 
Loading: 0 packages loaded
Analyzing: target //:main (0 packages loaded, 0 targets configured)
INFO: Analyzed target //:main (0 packages loaded, 0 targets configured).
INFO: Found 1 target...
[0 / 1] [Prepa] BazelWorkspaceStatusAction stable-status.txt
Target //:main up-to-date:
  bazel-bin/main_/main
INFO: Elapsed time: 0.220s, Critical Path: 0.01s
INFO: 1 process: 1 internal.
INFO: Build completed successfully, 1 total action
INFO: Running command line: bazel-bin/main_/main '-rowLen=8' '-tls=0' '-serverAddr=54.165.243.92:10003' '-serverAddr2=52.90.3.239:10009' '-pirType=DPF' q1000
INFO: Build completed successfully, 1 total action
Configured to make 1000 queries
Obtaining hint (this may take a while)...[OK]
Got 500000 keys from server
0
9.536933743s
Server 1 time: 8.36147818s and bytes: 280000
Server 2 time: 8.331764436s and bytes: 280000
