Loading: 
Loading: 0 packages loaded
Analyzing: target //:sealpir (0 packages loaded, 0 targets configured)
INFO: Analyzed target //:sealpir (0 packages loaded, 0 targets configured).
INFO: Found 1 target...
[0 / 1] [Prepa] BazelWorkspaceStatusAction stable-status.txt
Target //:sealpir up-to-date:
  bazel-bin/sealpir
INFO: Elapsed time: 0.412s, Critical Path: 0.00s
INFO: 1 process: 1 internal.
INFO: Build completed successfully, 1 total action
INFO: Running command line: bazel-bin/sealpir '--table=1000' '--queries=1000'
INFO: Build completed successfully, 1 total action
Main: Generating all parameters
Main: Generate database
Main: Initializing server and client
Main: Preprocess database on server side
Main: Query 0
Main: Query 500
Main: Query 1000

Time taken: 
Preprocessing: 1ms
Query time: 2104ms
Server time: 8642ms
Response handling: 2448ms
Done!
