Loading: 
Loading: 0 packages loaded
Analyzing: target //DPPIR:main (0 packages loaded, 0 targets configured)
INFO: Analyzed target //DPPIR:main (1 packages loaded, 5 targets configured).
INFO: Found 1 target...
[1 / 4] [Prepa] BazelWorkspaceStatusAction stable-status.txt
Target //DPPIR:main up-to-date:
  bazel-bin/DPPIR/main
INFO: Elapsed time: 0.298s, Critical Path: 0.02s
INFO: 3 processes: 3 internal.
INFO: Build completed successfully, 3 total actions
INFO: Running command line: bazel-bin/DPPIR/main '--config=config/party-0-0.txt' '--role=party' '--stage=online' '--party_id=0' '--server_id=0'
INFO: Build completed successfully, 3 total actions
Noise cutoff: 276.31
Creating server and accepting connections...
On port 3000
Client connected!
Connecting to server...
Server at 100.26.104.110:3001
Connected to the server!
Input: 1000000; Noise: 2760000; Shuffled: 3760000
Offline (simulated) time: 413ms
Listening for queries...
Sending queries...
Listening for responses...
Online time: 433ms
Sending responses...
Done!
