Loading: 
Loading: 0 packages loaded
Analyzing: target //DPPIR:main (0 packages loaded, 0 targets configured)
INFO: Analyzed target //DPPIR:main (0 packages loaded, 0 targets configured).
INFO: Found 1 target...
[0 / 1] [Prepa] BazelWorkspaceStatusAction stable-status.txt
Target //DPPIR:main up-to-date:
  bazel-bin/DPPIR/main
INFO: Elapsed time: 0.278s, Critical Path: 0.01s
INFO: 1 process: 1 internal.
INFO: Build completed successfully, 1 total action
INFO: Running command line: bazel-bin/DPPIR/main '--config=config/client-1.txt' '--role=client' '--stage=all' '--server_id=1' '--queries=250000'
INFO: Build completed successfully, 1 total action
Connecting to server...
Server at 54.80.87.117:3001
Connected to the server!
Offline Queries: 250000
Queries: 250000
Responses: 250000
Done!
