Loading: 
Loading: 0 packages loaded
Analyzing: target //DPPIR:main (0 packages loaded, 0 targets configured)
DEBUG: Rule 'libsodium' indicated that a canonical reproducible form can be obtained by modifying arguments sha256 = "7728976ead51b0de60bede2421cd2a455c2bff3f1bc0320a1d61e240e693bce9"
DEBUG: Repository libsodium instantiated at:
  /DP-PIR/WORKSPACE.bazel:35:13: in <toplevel>
Repository rule http_archive defined at:
  /root/.cache/bazel/_bazel_root/fef2038787bb3916cfc29dd25c1fde81/external/bazel_tools/tools/build_defs/repo/http.bzl:336:31: in <toplevel>
INFO: Analyzed target //DPPIR:main (0 packages loaded, 0 targets configured).
INFO: Found 1 target...
[0 / 1] [Prepa] BazelWorkspaceStatusAction stable-status.txt
Target //DPPIR:main up-to-date:
  bazel-bin/DPPIR/main
INFO: Elapsed time: 0.195s, Critical Path: 0.01s
INFO: 1 process: 1 internal.
INFO: Build completed successfully, 1 total action
INFO: Running command line: bazel-bin/DPPIR/main '--config=config/party-0-0.txt' '--role=party' '--stage=online' '--party_id=0' '--server_id=0'
INFO: Build completed successfully, 1 total action
Noise cutoff: 276.31
Creating server and accepting connections...
Client connected!
Connecting to server...
Connected to the server!
Input: 100000000; Noise: 690000000; Shuffled: 790000000
Offline (simulated) time: 239276ms
Listening for queries...
Sending queries...
Listening for responses...
Online time: 209941ms
Sending responses...
Done!
