Running checklist client with 52.90.90.61:10002 3.90.3.247:10001 q1000 DPF
Loading: 
Loading: 0 packages loaded
Analyzing: target //:main (0 packages loaded, 0 targets configured)
INFO: Analyzed target //:main (0 packages loaded, 0 targets configured).
INFO: Found 1 target...
[0 / 1] [Prepa] BazelWorkspaceStatusAction stable-status.txt
Target //:main up-to-date:
  bazel-bin/main_/main
INFO: Elapsed time: 0.202s, Critical Path: 0.00s
INFO: 1 process: 1 internal.
INFO: Build completed successfully, 1 total action
INFO: Running command line: bazel-bin/main_/main '-rowLen=8' '-tls=0' '-serverAddr=52.90.90.61:10002' '-serverAddr2=3.90.3.247:10001' '-pirType=DPF' q1000
INFO: Build completed successfully, 1 total action
Configured to make 1000 queries
Obtaining hint (this may take a while)...[OK]
Got 5000000 keys from server
0
1m25.775518033s
Server 1 time: 1m23.987439693s and bytes: 354000
Server 2 time: 1m22.91965854s and bytes: 354000
