Running checklist client with 3.82.110.247:10005 3.87.3.186:10011 q1000 DPF
Loading: 
Loading: 0 packages loaded
Analyzing: target //:main (0 packages loaded, 0 targets configured)
INFO: Analyzed target //:main (0 packages loaded, 0 targets configured).
INFO: Found 1 target...
[0 / 1] [Prepa] BazelWorkspaceStatusAction stable-status.txt
Target //:main up-to-date:
  bazel-bin/main_/main
INFO: Elapsed time: 0.239s, Critical Path: 0.01s
INFO: 1 process: 1 internal.
INFO: Build completed successfully, 1 total action
INFO: Running command line: bazel-bin/main_/main '-rowLen=8' '-tls=0' '-serverAddr=3.82.110.247:10005' '-serverAddr2=3.87.3.186:10011' '-pirType=DPF' q1000
INFO: Build completed successfully, 1 total action
Configured to make 1000 queries
Obtaining hint (this may take a while)...[OK]
Got 1000000 keys from server
0
17.41432185s
Server 1 time: 16.313915392s and bytes: 300000
Server 2 time: 16.214336034s and bytes: 300000
